Jul 20 10:58:06.937 [notice] Tor 0.4.9.11 (git-f3d28b2e0978ca07) running on Windows 8 [or later] with Libevent 2.1.12-stable, OpenSSL 3.5.7, Zlib 1.3.2, Liblzma N/A, Libzstd N/A and Unknown N/A as libc.
Jul 20 10:58:06.937 [notice] Tor can't help you if you use it wrong! Learn how to be safe at https://support.torproject.org/faq/staying-anonymous/
Jul 20 10:58:06.967 [notice] Read configuration file "C:\Users\HomePC\Desktop\website Projects\lead generation automation\tools\tor\torrc".
Jul 20 10:58:06.977 [warn] Path for GeoIPFile (<default>) is relative and will resolve to C:\Users\HomePC\Desktop\website Projects\lead generation automation\<default>. Is this what you wanted?
Jul 20 10:58:06.977 [warn] Path for GeoIPv6File (<default>) is relative and will resolve to C:\Users\HomePC\Desktop\website Projects\lead generation automation\<default>. Is this what you wanted?
Jul 20 10:58:06.977 [warn] ControlPort is open, but no authentication method has been configured.  This means that any program on your computer can reconfigure your Tor.  That's bad!  You should upgrade your Tor controller as soon as possible.
Jul 20 10:58:06.980 [notice] Opening Socks listener on 127.0.0.1:9050
Jul 20 10:58:06.987 [notice] Opened Socks listener connection (ready) on 127.0.0.1:9050
Jul 20 10:58:06.987 [notice] Opening Control listener on 127.0.0.1:9051
Jul 20 10:58:06.987 [notice] Opened Control listener connection (ready) on 127.0.0.1:9051
Jul 20 10:58:07.000 [notice] Set list of supported TLS groups to: ?*X25519MLKEM768 / ?SecP256r1MLKEM768 / *P-256:?X25519:P-224
Jul 20 10:58:07.000 [notice] Bootstrapped 0% (starting): Starting
Jul 20 10:58:12.000 [notice] Starting with guard context "default"
Jul 20 10:58:13.000 [notice] Bootstrapped 5% (conn): Connecting to a relay
Jul 20 10:58:14.000 [notice] Bootstrapped 10% (conn_done): Connected to a relay
Jul 20 10:58:14.000 [notice] Bootstrapped 14% (handshake): Handshaking with a relay
Jul 20 10:58:14.000 [notice] Bootstrapped 15% (handshake_done): Handshake with a relay done
Jul 20 10:58:14.000 [notice] Bootstrapped 75% (enough_dirinfo): Loaded enough directory info to build circuits
Jul 20 10:58:14.000 [notice] Bootstrapped 90% (ap_handshake_done): Handshake finished with a relay to build circuits
Jul 20 10:58:14.000 [notice] Bootstrapped 95% (circuit_create): Establishing a Tor circuit
Jul 20 10:58:23.000 [notice] Bootstrapped 100% (done): Done
Jul 20 10:59:09.000 [notice] New control connection opened from 127.0.0.1.
Jul 20 10:59:11.000 [notice] New control connection opened from 127.0.0.1.
Jul 20 10:59:11.000 [notice] Rate limiting NEWNYM request: delaying by 8 second(s)
Jul 20 10:59:14.000 [notice] New control connection opened from 127.0.0.1.
Jul 20 10:59:14.000 [notice] Rate limiting NEWNYM request: delaying by 5 second(s)
Jul 20 10:59:17.000 [notice] New control connection opened from 127.0.0.1.
Jul 20 10:59:17.000 [notice] Rate limiting NEWNYM request: delaying by 2 second(s)
Jul 20 10:59:20.000 [notice] New control connection opened from 127.0.0.1.
Jul 20 10:59:20.000 [notice] Rate limiting NEWNYM request: delaying by 9 second(s)
Jul 20 10:59:23.000 [notice] New control connection opened from 127.0.0.1.
Jul 20 10:59:23.000 [notice] Rate limiting NEWNYM request: delaying by 6 second(s)
Jul 20 10:59:26.000 [notice] New control connection opened from 127.0.0.1.
Jul 20 10:59:26.000 [notice] Rate limiting NEWNYM request: delaying by 3 second(s)
Jul 20 10:59:30.000 [notice] New control connection opened from 127.0.0.1.
Jul 20 10:59:30.000 [notice] Rate limiting NEWNYM request: delaying by 9 second(s)
Jul 20 10:59:32.000 [notice] New control connection opened from 127.0.0.1.
Jul 20 10:59:32.000 [notice] Rate limiting NEWNYM request: delaying by 7 second(s)
Jul 20 10:59:35.000 [notice] New control connection opened from 127.0.0.1.
Jul 20 10:59:35.000 [notice] Rate limiting NEWNYM request: delaying by 4 second(s)
Jul 20 10:59:39.000 [notice] New control connection opened from 127.0.0.1.
Jul 20 10:59:39.000 [notice] Rate limiting NEWNYM request: delaying by 10 second(s)
Jul 20 10:59:42.000 [notice] New control connection opened from 127.0.0.1.
Jul 20 10:59:42.000 [notice] Rate limiting NEWNYM request: delaying by 7 second(s)
Jul 20 10:59:45.000 [notice] New control connection opened from 127.0.0.1.
Jul 20 10:59:45.000 [notice] Rate limiting NEWNYM request: delaying by 4 second(s)
Jul 20 10:59:47.000 [notice] New control connection opened from 127.0.0.1.
Jul 20 10:59:47.000 [notice] Rate limiting NEWNYM request: delaying by 2 second(s)
Jul 20 10:59:51.000 [notice] New control connection opened from 127.0.0.1.
Jul 20 10:59:51.000 [notice] Rate limiting NEWNYM request: delaying by 8 second(s)
Jul 20 10:59:53.000 [notice] New control connection opened from 127.0.0.1.
Jul 20 10:59:53.000 [notice] Rate limiting NEWNYM request: delaying by 6 second(s)
Jul 20 10:59:56.000 [notice] New control connection opened from 127.0.0.1.
Jul 20 10:59:56.000 [notice] Rate limiting NEWNYM request: delaying by 3 second(s)
Jul 20 11:00:00.000 [notice] New control connection opened from 127.0.0.1.
Jul 20 11:00:00.000 [notice] Rate limiting NEWNYM request: delaying by 9 second(s)
Jul 20 11:00:03.000 [notice] New control connection opened from 127.0.0.1.
Jul 20 11:00:03.000 [notice] Rate limiting NEWNYM request: delaying by 6 second(s)
Jul 20 11:00:07.000 [notice] New control connection opened from 127.0.0.1.
Jul 20 11:00:07.000 [notice] Rate limiting NEWNYM request: delaying by 2 second(s)
Jul 20 11:01:11.000 [notice] New control connection opened from 127.0.0.1.
Jul 20 11:01:13.000 [notice] New control connection opened from 127.0.0.1.
Jul 20 11:01:13.000 [notice] Rate limiting NEWNYM request: delaying by 8 second(s)
Jul 20 11:01:15.000 [notice] New control connection opened from 127.0.0.1.
Jul 20 11:01:15.000 [notice] Rate limiting NEWNYM request: delaying by 6 second(s)
Jul 20 11:01:18.000 [notice] New control connection opened from 127.0.0.1.
Jul 20 11:01:18.000 [notice] Rate limiting NEWNYM request: delaying by 3 second(s)
Jul 20 11:01:21.000 [notice] New control connection opened from 127.0.0.1.
Jul 20 11:01:21.000 [notice] Rate limiting NEWNYM request: delaying by 10 second(s)
Jul 20 11:01:24.000 [notice] New control connection opened from 127.0.0.1.
Jul 20 11:01:24.000 [notice] Rate limiting NEWNYM request: delaying by 7 second(s)
Jul 20 11:01:27.000 [notice] New control connection opened from 127.0.0.1.
Jul 20 11:01:27.000 [notice] Rate limiting NEWNYM request: delaying by 4 second(s)
Jul 20 11:01:31.000 [notice] New control connection opened from 127.0.0.1.
Jul 20 11:01:31.000 [notice] Rate limiting NEWNYM request: delaying by 10 second(s)
Jul 20 11:01:36.000 [notice] New control connection opened from 127.0.0.1.
Jul 20 11:01:36.000 [notice] Rate limiting NEWNYM request: delaying by 5 second(s)
Jul 20 11:01:38.000 [notice] New control connection opened from 127.0.0.1.
Jul 20 11:01:38.000 [notice] Rate limiting NEWNYM request: delaying by 3 second(s)
Jul 20 11:30:23.000 [notice] New control connection opened from 127.0.0.1.
Jul 20 11:37:43.000 [notice] New control connection opened from 127.0.0.1.
Jul 20 11:38:35.000 [notice] New control connection opened from 127.0.0.1.
Jul 20 11:45:50.000 [notice] New control connection opened from 127.0.0.1.
Jul 20 11:59:06.000 [notice] New control connection opened from 127.0.0.1.
